<?xml version="1.0" encoding="UTF-8"?>
<!-- Generated by org.testng.reporters.JUnitReportReporter -->
<testsuite skipped="0" hostname="DESKTOP-AE9JENO" name="frontierX.scripts.DownloadFIT" tests="1" failures="0" timestamp="2021-04-21T10:53:19 IST" time="29.536" errors="0">
  <testcase name="downloadFIT" time="29.536" classname="frontierX.scripts.DownloadFIT"/>
  <system-out/>
</testsuite> <!-- frontierX.scripts.DownloadFIT -->
