<?xml version="1.0" encoding="UTF-8"?>
<!-- Generated by org.testng.reporters.JUnitReportReporter -->
<testsuite skipped="0" hostname="DESKTOP-AE9JENO" name="frontierX.scripts.DeleteActivity" tests="1" failures="0" timestamp="2021-04-20T16:22:19 IST" time="30.346" errors="0">
  <testcase name="deleteActivity" time="30.346" classname="frontierX.scripts.DeleteActivity"/>
  <system-out/>
</testsuite> <!-- frontierX.scripts.DeleteActivity -->
